<?xml version="1.0" encoding="UTF-8"?>
<!-- Generated by org.testng.reporters.JUnitXMLReporter -->
<testsuite ignored="0" hostname="DESKTOP-I0JRL68" failures="0" tests="6" name="Test" time="0.057" errors="0" timestamp="18 Jan 2022 15:34:55 GMT">
  <testcase classname="nehaarora.MavenProjectJava.AppiumTest" name="IOSApps" time="0.014"/>
  <testcase classname="nehaarora.MavenProjectJava.AppiumTest" name="NativeAppAndroid" time="0.0"/>
  <testcase classname="nehaarora.MavenProjectJava.SeleniumTest" name="BrowserAutomation" time="0.001"/>
  <testcase classname="nehaarora.MavenProjectJava.SeleniumTest" name="ElementsUI" time="0.001"/>
  <testcase classname="nehaarora.MavenProjectJava.RestApiTest" name="deleteTwitter" time="0.001"/>
  <testcase classname="nehaarora.MavenProjectJava.RestApiTest" name="postJira" time="0.0"/>
</testsuite> <!-- Test -->
