<?xml version="1.0" encoding="UTF-8"?>
<testsuite xmlns:xsi="http://www.w3.org/2001/XMLSchema-instance" xsi:noNamespaceSchemaLocation="https://maven.apache.org/surefire/maven-surefire-plugin/xsd/surefire-test-report-3.0.xsd" version="3.0" name="TestSuite" time="2.171" tests="6" errors="0" skipped="0" failures="0">
  <properties>
[...]
</properties>
  <testcase name="IOSApps" classname="nehaarora.MavenProjectJava.AppiumTest" time="0.005">
    <system-out><![CDATA[[TestNGContentHandler] [WARN] It is strongly recommended to add "<!DOCTYPE suite SYSTEM "http://testng.org/testng-1.0.dtd" >" at the top of your file, otherwise TestNG may fail or not work as expected.
IOSApps
]]></system-out>
  </testcase>
  <testcase name="NativeAppAndroid" classname="nehaarora.MavenProjectJava.AppiumTest" time="0.001">
    <system-out><![CDATA[NativeAppAndroid
]]></system-out>
  </testcase>
  <testcase name="BrowserAutomation" classname="nehaarora.MavenProjectJava.SeleniumTest" time="0.001">
    <system-out><![CDATA[BrowserAutomation
]]></system-out>
  </testcase>
  <testcase name="ElementsUI" classname="nehaarora.MavenProjectJava.SeleniumTest" time="0.001">
    <system-out><![CDATA[ElementsUI
]]></system-out>
  </testcase>
  <testcase name="deleteTwitter" classname="nehaarora.MavenProjectJava.RestApiTest" time="0.003">
    <system-out><![CDATA[deleteTwitter
]]></system-out>
  </testcase>
  <testcase name="postJira" classname="nehaarora.MavenProjectJava.RestApiTest" time="0">
    <system-out><![CDATA[postJira
]]></system-out>
  </testcase>
</testsuite>