<?xml version="1.0" encoding="UTF-8"?>
<testng-results ignored="0" total="6" passed="6" failed="0" skipped="0">
  <reporter-output>
  </reporter-output>
  <suite started-at="2022-01-18T15:34:55Z" name="Suite" finished-at="2022-01-18T15:34:55Z" duration-ms="57">
    <groups>
    </groups>
    <test started-at="2022-01-18T15:34:55Z" name="Test" finished-at="2022-01-18T15:34:55Z" duration-ms="57">
      <class name="nehaarora.MavenProjectJava.SeleniumTest">
        <test-method signature="BrowserAutomation()[pri:0, instance:nehaarora.MavenProjectJava.SeleniumTest@46271dd6]" started-at="2022-01-18T21:04:55Z" name="BrowserAutomation" finished-at="2022-01-18T21:04:55Z" duration-ms="1" status="PASS">
          <reporter-output>
          </reporter-output>
        </test-method> <!-- BrowserAutomation -->
        <test-method signature="ElementsUI()[pri:0, instance:nehaarora.MavenProjectJava.SeleniumTest@46271dd6]" started-at="2022-01-18T21:04:55Z" name="ElementsUI" finished-at="2022-01-18T21:04:55Z" duration-ms="1" status="PASS">
          <reporter-output>
          </reporter-output>
        </test-method> <!-- ElementsUI -->
      </class> <!-- nehaarora.MavenProjectJava.SeleniumTest -->
      <class name="nehaarora.MavenProjectJava.AppiumTest">
        <test-method signature="IOSApps()[pri:0, instance:nehaarora.MavenProjectJava.AppiumTest@12a94400]" started-at="2022-01-18T21:04:55Z" name="IOSApps" finished-at="2022-01-18T21:04:55Z" duration-ms="14" status="PASS">
          <reporter-output>
          </reporter-output>
        </test-method> <!-- IOSApps -->
        <test-method signature="NativeAppAndroid()[pri:0, instance:nehaarora.MavenProjectJava.AppiumTest@12a94400]" started-at="2022-01-18T21:04:55Z" name="NativeAppAndroid" finished-at="2022-01-18T21:04:55Z" duration-ms="0" status="PASS">
          <reporter-output>
          </reporter-output>
        </test-method> <!-- NativeAppAndroid -->
      </class> <!-- nehaarora.MavenProjectJava.AppiumTest -->
      <class name="nehaarora.MavenProjectJava.RestApiTest">
        <test-method signature="deleteTwitter()[pri:0, instance:nehaarora.MavenProjectJava.RestApiTest@11bb571c]" started-at="2022-01-18T21:04:55Z" name="deleteTwitter" finished-at="2022-01-18T21:04:55Z" duration-ms="1" status="PASS">
          <reporter-output>
          </reporter-output>
        </test-method> <!-- deleteTwitter -->
        <test-method signature="postJira()[pri:0, instance:nehaarora.MavenProjectJava.RestApiTest@11bb571c]" started-at="2022-01-18T21:04:55Z" name="postJira" finished-at="2022-01-18T21:04:55Z" duration-ms="0" status="PASS">
          <reporter-output>
          </reporter-output>
        </test-method> <!-- postJira -->
      </class> <!-- nehaarora.MavenProjectJava.RestApiTest -->
    </test> <!-- Test -->
  </suite> <!-- Suite -->
</testng-results>
